Using pre-set license
Built from '2020.2/release' branch; Version is '2020.2.1f1 (270dd8c3da1c) revision 2559448'; Using compiler version '192528614'; Build Type 'Release'
OS: 'Windows 10  (10.0.0) 64bit' Language: 'ko' Physical Memory: 16315 MB
BatchMode: 1, IsHumanControllingUs: 0, StartBugReporterOnCrash: 0, Is64bit: 1, IsPro: 0

 COMMAND LINE ARGUMENTS:
C:\Program Files\2020.2.1f1\Editor\Unity.exe
-adb2
-batchMode
-noUpm
-name
AssetImportWorker0
-projectPath
C:/Unity/Rounders
-logFile
Logs/AssetImportWorker0.log
-srvPort
1770
Successfully changed project path to: C:/Unity/Rounders
C:/Unity/Rounders
Using Asset Import Pipeline V2.
Refreshing native plugins compatible for Editor in 37.98 ms, found 1 plugins.
Preloading 0 native plugins for Editor in 0.00 ms.
Initialize engine version: 2020.2.1f1 (270dd8c3da1c)
[Subsystems] Discovering subsystems at path C:/Program Files/2020.2.1f1/Editor/Data/Resources/UnitySubsystems
[Subsystems] Discovering subsystems at path C:/Unity/Rounders/Assets
GfxDevice: creating device client; threaded=0
Direct3D:
    Version:  Direct3D 11.0 [level 11.1]
    Renderer: NVIDIA GeForce RTX 2060 SUPER (ID=0x1f06)
    Vendor:   
    VRAM:     8031 MB
    Driver:   27.21.14.5671
Initialize mono
Mono path[0] = 'C:/Program Files/2020.2.1f1/Editor/Data/Managed'
Mono path[1] = 'C:/Program Files/2020.2.1f1/Editor/Data/MonoBleedingEdge/lib/mono/unityjit'
Mono config path = 'C:/Program Files/2020.2.1f1/Editor/Data/MonoBleedingEdge/etc'
Using monoOptions --debugger-agent=transport=dt_socket,embedding=1,server=y,suspend=n,address=127.0.0.1:56256
Begin MonoManager ReloadAssembly
Registering precompiled unity dll's ...
Register platform support module: C:/Program Files/2020.2.1f1/Editor/Data/PlaybackEngines/WindowsStandaloneSupport/UnityEditor.WindowsStandalone.Extensions.dll
Registered in 0.002181 seconds.
Native extension for WindowsStandalone target not found
Refreshing native plugins compatible for Editor in 33.20 ms, found 1 plugins.
Preloading 0 native plugins for Editor in 0.00 ms.
Invoked RoslynAnalysisRunner static constructor.
RoslynAnalysisRunner will not be running.
RoslynAnalysisRunner has terminated.
Mono: successfully reloaded assembly
- Completed reload, in  2.019 seconds
Platform modules already initialized, skipping
Registering precompiled user dll's ...
Registered in 0.001244 seconds.
Begin MonoManager ReloadAssembly
Native extension for WindowsStandalone target not found
Refreshing native plugins compatible for Editor in 33.69 ms, found 1 plugins.
Preloading 0 native plugins for Editor in 0.00 ms.
Invoked RoslynAnalysisRunner static constructor.
RoslynAnalysisRunner will not be running.
RoslynAnalysisRunner has terminated.
Mono: successfully reloaded assembly
- Completed reload, in  0.872 seconds
Platform modules already initialized, skipping
========================================================================
Worker process is ready to serve import requests
Launched and connected shader compiler UnityShaderCompiler.exe after 0.05 seconds
Refreshing native plugins compatible for Editor in 0.36 ms, found 1 plugins.
Preloading 0 native plugins for Editor in 0.00 ms.
Unloading 1791 Unused Serialized files (Serialized files now loaded: 0)
System memory in use before: 103.6 MB.
System memory in use after: 103.6 MB.

Unloading 23 unused Assets to reduce memory usage. Loaded Objects now: 2257.
Total: 2.033400 ms (FindLiveObjects: 0.202400 ms CreateObjectMapping: 0.046300 ms MarkObjects: 1.646900 ms  DeleteObjects: 0.136700 ms)

========================================================================
Received Import Request.
  path: Assets/Scenes/Ranking.unity
  artifactKey: Guid(c1c230074ef49f74585f2d1619006309) Importer(815301076,1909f56bfc062723c751e8b465ee728b)
Start importing Assets/Scenes/Ranking.unity using Guid(c1c230074ef49f74585f2d1619006309) Importer(815301076,1909f56bfc062723c751e8b465ee728b)  -> (artifact id: 'b0dd1dc0f1ee640cf4e3b58054f7eef3') in 0.019051 seconds
  Import took 0.022018 seconds .

========================================================================
Received Prepare
Registering precompiled user dll's ...
Registered in 0.001106 seconds.
Begin MonoManager ReloadAssembly
Native extension for WindowsStandalone target not found
Refreshing native plugins compatible for Editor in 0.37 ms, found 1 plugins.
Preloading 0 native plugins for Editor in 0.00 ms.
Invoked RoslynAnalysisRunner static constructor.
RoslynAnalysisRunner will not be running.
RoslynAnalysisRunner has terminated.
Mono: successfully reloaded assembly
- Completed reload, in  0.763 seconds
Platform modules already initialized, skipping
Refreshing native plugins compatible for Editor in 0.36 ms, found 1 plugins.
Preloading 0 native plugins for Editor in 0.00 ms.
Unloading 1786 Unused Serialized files (Serialized files now loaded: 0)
System memory in use before: 103.9 MB.
System memory in use after: 103.9 MB.

Unloading 12 unused Assets to reduce memory usage. Loaded Objects now: 2260.
Total: 1.816700 ms (FindLiveObjects: 0.173400 ms CreateObjectMapping: 0.042300 ms MarkObjects: 1.479100 ms  DeleteObjects: 0.120900 ms)

========================================================================
Received Prepare
Registering precompiled user dll's ...
Registered in 0.001238 seconds.
Begin MonoManager ReloadAssembly
Native extension for WindowsStandalone target not found
Refreshing native plugins compatible for Editor in 0.37 ms, found 1 plugins.
Preloading 0 native plugins for Editor in 0.00 ms.
Invoked RoslynAnalysisRunner static constructor.
RoslynAnalysisRunner will not be running.
RoslynAnalysisRunner has terminated.
Mono: successfully reloaded assembly
- Completed reload, in  0.743 seconds
Platform modules already initialized, skipping
Refreshing native plugins compatible for Editor in 0.36 ms, found 1 plugins.
Preloading 0 native plugins for Editor in 0.00 ms.
Unloading 1787 Unused Serialized files (Serialized files now loaded: 0)
System memory in use before: 104.3 MB.
System memory in use after: 104.2 MB.

Unloading 12 unused Assets to reduce memory usage. Loaded Objects now: 2264.
Total: 2.264600 ms (FindLiveObjects: 0.212600 ms CreateObjectMapping: 0.039600 ms MarkObjects: 1.879700 ms  DeleteObjects: 0.131800 ms)

========================================================================
Received Prepare
Registering precompiled user dll's ...
Registered in 0.001658 seconds.
Begin MonoManager ReloadAssembly
Native extension for WindowsStandalone target not found
Refreshing native plugins compatible for Editor in 0.38 ms, found 1 plugins.
Preloading 0 native plugins for Editor in 0.00 ms.
Invoked RoslynAnalysisRunner static constructor.
RoslynAnalysisRunner will not be running.
RoslynAnalysisRunner has terminated.
Mono: successfully reloaded assembly
- Completed reload, in  0.746 seconds
Platform modules already initialized, skipping
Refreshing native plugins compatible for Editor in 0.36 ms, found 1 plugins.
Preloading 0 native plugins for Editor in 0.00 ms.
Unloading 1787 Unused Serialized files (Serialized files now loaded: 0)
System memory in use before: 104.3 MB.
System memory in use after: 104.3 MB.

Unloading 12 unused Assets to reduce memory usage. Loaded Objects now: 2267.
Total: 2.044800 ms (FindLiveObjects: 0.205200 ms CreateObjectMapping: 0.038600 ms MarkObjects: 1.659300 ms  DeleteObjects: 0.140500 ms)

========================================================================
Received Import Request.
  Time since last request: 11995.691581 seconds.
  path: Assets/Global.cs
  artifactKey: Guid(db6ec6142619c104bb7a8b057602682c) Importer(815301076,1909f56bfc062723c751e8b465ee728b)
Start importing Assets/Global.cs using Guid(db6ec6142619c104bb7a8b057602682c) Importer(815301076,1909f56bfc062723c751e8b465ee728b)  -> (artifact id: '6de21eeda8665e4398401f3f2f32b4c8') in 0.034658 seconds
  Import took 0.038038 seconds .

========================================================================
Received Prepare
Registering precompiled user dll's ...
Registered in 0.001229 seconds.
Begin MonoManager ReloadAssembly
Native extension for WindowsStandalone target not found
Refreshing native plugins compatible for Editor in 1.07 ms, found 1 plugins.
Preloading 0 native plugins for Editor in 0.00 ms.
Invoked RoslynAnalysisRunner static constructor.
RoslynAnalysisRunner will not be running.
RoslynAnalysisRunner has terminated.
Mono: successfully reloaded assembly
- Completed reload, in  0.821 seconds
Platform modules already initialized, skipping
Refreshing native plugins compatible for Editor in 0.38 ms, found 1 plugins.
Preloading 0 native plugins for Editor in 0.00 ms.
Unloading 1788 Unused Serialized files (Serialized files now loaded: 0)
System memory in use before: 104.9 MB.
System memory in use after: 104.9 MB.

Unloading 12 unused Assets to reduce memory usage. Loaded Objects now: 2271.
Total: 1.879500 ms (FindLiveObjects: 0.177700 ms CreateObjectMapping: 0.039600 ms MarkObjects: 1.518200 ms  DeleteObjects: 0.143200 ms)

========================================================================
Received Import Request.
  Time since last request: 33324.864833 seconds.
  path: Assets/Global.cs
  artifactKey: Guid(db6ec6142619c104bb7a8b057602682c) Importer(815301076,1909f56bfc062723c751e8b465ee728b)
Start importing Assets/Global.cs using Guid(db6ec6142619c104bb7a8b057602682c) Importer(815301076,1909f56bfc062723c751e8b465ee728b)  -> (artifact id: '47361fa0a258057f2226ef2eea43836e') in 0.011314 seconds
  Import took 0.015411 seconds .

